2023-01-27T13:25:43.247587Z 0 [Warning] TIMESTAMP with implicit DEFAULT value is deprecated. Please use --explicit_defaults_for_timestamp server option (see documentation for more details).
2023-01-27T13:25:43.268076Z 0 [Warning] Setting lower_case_table_names=2 because file system for /var/lib/mysql/ is case insensitive
2023-01-27T13:25:44.417003Z 0 [Warning] InnoDB: New log files created, LSN=45790
2023-01-27T13:25:44.677526Z 0 [Warning] InnoDB: Creating foreign key constraint system tables.
2023-01-27T13:25:44.678777Z 0 [Warning] No existing UUID has been found, so we assume that this is the first time that this server has been started. Generating a new UUID: 1a6fcdc0-9e46-11ed-9be2-0242ac140002.
2023-01-27T13:25:44.687057Z 0 [Warning] Gtid table is not ready to be used. Table 'mysql.gtid_executed' cannot be opened.
2023-01-27T13:25:45.247954Z 0 [Warning] A deprecated TLS version TLSv1 is enabled. Please use TLSv1.2 or higher.
2023-01-27T13:25:45.248544Z 0 [Warning] A deprecated TLS version TLSv1.1 is enabled. Please use TLSv1.2 or higher.
2023-01-27T13:25:45.255705Z 0 [Warning] CA certificate ca.pem is self signed.
2023-01-27T13:25:45.371926Z 1 [Warning] root@localhost is created with an empty password ! Please consider switching off the --initialize-insecure option.
2023-01-27T13:25:56.068940Z 0 [Warning] TIMESTAMP with implicit DEFAULT value is deprecated. Please use --explicit_defaults_for_timestamp server option (see documentation for more details).
2023-01-27T13:25:56.078389Z 0 [Note] mysqld (mysqld 5.7.39) starting as process 127 ...
2023-01-27T13:25:56.088320Z 0 [Warning] Setting lower_case_table_names=2 because file system for /var/lib/mysql/ is case insensitive
2023-01-27T13:25:56.095330Z 0 [Note] InnoDB: PUNCH HOLE support available
2023-01-27T13:25:56.096446Z 0 [Note] InnoDB: Mutexes and rw_locks use GCC atomic builtins
2023-01-27T13:25:56.097488Z 0 [Note] InnoDB: Uses event mutexes
2023-01-27T13:25:56.098206Z 0 [Note] InnoDB: GCC builtin __atomic_thread_fence() is used for memory barrier
2023-01-27T13:25:56.098784Z 0 [Note] InnoDB: Compressed tables use zlib 1.2.12
2023-01-27T13:25:56.099503Z 0 [Note] InnoDB: Using Linux native AIO
2023-01-27T13:25:56.100504Z 0 [Note] InnoDB: Number of pools: 1
2023-01-27T13:25:56.101360Z 0 [Note] InnoDB: Using CPU crc32 instructions
2023-01-27T13:25:56.104322Z 0 [Note] InnoDB: Initializing buffer pool, total size = 128M, instances = 1, chunk size = 128M
2023-01-27T13:25:56.123864Z 0 [Note] InnoDB: Completed initialization of buffer pool
2023-01-27T13:25:56.131287Z 0 [Note] InnoDB: If the mysqld execution user is authorized, page cleaner thread priority can be changed. See the man page of setpriority().
2023-01-27T13:25:56.180680Z 0 [Note] InnoDB: Highest supported file format is Barracuda.
2023-01-27T13:25:57.319209Z 0 [Note] InnoDB: Creating shared tablespace for temporary tables
2023-01-27T13:25:57.325741Z 0 [Note] InnoDB: Setting file './ibtmp1' size to 12 MB. Physically writing the file full; Please wait ...
2023-01-27T13:25:57.464213Z 0 [Note] InnoDB: File './ibtmp1' size is now 12 MB.
2023-01-27T13:25:57.471837Z 0 [Note] InnoDB: 96 redo rollback segment(s) found. 96 redo rollback segment(s) are active.
2023-01-27T13:25:57.472519Z 0 [Note] InnoDB: 32 non-redo rollback segment(s) are active.
2023-01-27T13:25:57.473950Z 0 [Note] InnoDB: 5.7.39 started; log sequence number 2755362
2023-01-27T13:25:57.475058Z 0 [Note] InnoDB: Loading buffer pool(s) from /var/lib/mysql/ib_buffer_pool
2023-01-27T13:25:57.475693Z 0 [Note] Plugin 'FEDERATED' is disabled.
2023-01-27T13:25:57.555849Z 0 [Note] Found ca.pem, server-cert.pem and server-key.pem in data directory. Trying to enable SSL support using them.
2023-01-27T13:25:57.557518Z 0 [Note] Skipping generation of SSL certificates as certificate files are present in data directory.
2023-01-27T13:25:57.558801Z 0 [Warning] A deprecated TLS version TLSv1 is enabled. Please use TLSv1.2 or higher.
2023-01-27T13:25:57.559762Z 0 [Warning] A deprecated TLS version TLSv1.1 is enabled. Please use TLSv1.2 or higher.
2023-01-27T13:25:57.563052Z 0 [Note] InnoDB: Buffer pool(s) load completed at 230127 22:25:57
2023-01-27T13:25:57.569313Z 0 [Warning] CA certificate ca.pem is self signed.
2023-01-27T13:25:57.570514Z 0 [Note] Skipping generation of RSA key pair as key files are present in data directory.
2023-01-27T13:25:57.578666Z 0 [Warning] Insecure configuration for --pid-file: Location '/var/run/mysqld' in the path is accessible to all OS users. Consider choosing a different directory.
2023-01-27T13:25:57.847869Z 0 [Note] Event Scheduler: Loaded 0 events
2023-01-27T13:25:57.848842Z 0 [Note] mysqld: ready for connections.
Version: '5.7.39'  socket: '/var/run/mysqld/mysqld.sock'  port: 0  MySQL Community Server (GPL)
2023-01-27T13:26:02.327339Z 0 [Note] Giving 0 client threads a chance to die gracefully
2023-01-27T13:26:02.328270Z 0 [Note] Shutting down slave threads
2023-01-27T13:26:02.329207Z 0 [Note] Forcefully disconnecting 0 remaining clients
2023-01-27T13:26:02.330112Z 0 [Note] Event Scheduler: Purging the queue. 0 events
2023-01-27T13:26:02.331512Z 0 [Note] Binlog end
2023-01-27T13:26:02.339004Z 0 [Note] Shutting down plugin 'ngram'
2023-01-27T13:26:02.339876Z 0 [Note] Shutting down plugin 'partition'
2023-01-27T13:26:02.340948Z 0 [Note] Shutting down plugin 'BLACKHOLE'
2023-01-27T13:26:02.342075Z 0 [Note] Shutting down plugin 'ARCHIVE'
2023-01-27T13:26:02.343771Z 0 [Note] Shutting down plugin 'PERFORMANCE_SCHEMA'
2023-01-27T13:26:02.344907Z 0 [Note] Shutting down plugin 'MRG_MYISAM'
2023-01-27T13:26:02.345813Z 0 [Note] Shutting down plugin 'MyISAM'
2023-01-27T13:26:02.346652Z 0 [Note] Shutting down plugin 'INNODB_SYS_VIRTUAL'
2023-01-27T13:26:02.347284Z 0 [Note] Shutting down plugin 'INNODB_SYS_DATAFILES'
2023-01-27T13:26:02.348404Z 0 [Note] Shutting down plugin 'INNODB_SYS_TABLESPACES'
2023-01-27T13:26:02.349466Z 0 [Note] Shutting down plugin 'INNODB_SYS_FOREIGN_COLS'
2023-01-27T13:26:02.351027Z 0 [Note] Shutting down plugin 'INNODB_SYS_FOREIGN'
2023-01-27T13:26:02.352437Z 0 [Note] Shutting down plugin 'INNODB_SYS_FIELDS'
2023-01-27T13:26:02.353742Z 0 [Note] Shutting down plugin 'INNODB_SYS_COLUMNS'
2023-01-27T13:26:02.354722Z 0 [Note] Shutting down plugin 'INNODB_SYS_INDEXES'
2023-01-27T13:26:02.356209Z 0 [Note] Shutting down plugin 'INNODB_SYS_TABLESTATS'
2023-01-27T13:26:02.357442Z 0 [Note] Shutting down plugin 'INNODB_SYS_TABLES'
2023-01-27T13:26:02.358650Z 0 [Note] Shutting down plugin 'INNODB_FT_INDEX_TABLE'
2023-01-27T13:26:02.360024Z 0 [Note] Shutting down plugin 'INNODB_FT_INDEX_CACHE'
2023-01-27T13:26:02.360936Z 0 [Note] Shutting down plugin 'INNODB_FT_CONFIG'
2023-01-27T13:26:02.362727Z 0 [Note] Shutting down plugin 'INNODB_FT_BEING_DELETED'
2023-01-27T13:26:02.364387Z 0 [Note] Shutting down plugin 'INNODB_FT_DELETED'
2023-01-27T13:26:02.366118Z 0 [Note] Shutting down plugin 'INNODB_FT_DEFAULT_STOPWORD'
2023-01-27T13:26:02.368982Z 0 [Note] Shutting down plugin 'INNODB_METRICS'
2023-01-27T13:26:02.370770Z 0 [Note] Shutting down plugin 'INNODB_TEMP_TABLE_INFO'
2023-01-27T13:26:02.371882Z 0 [Note] Shutting down plugin 'INNODB_BUFFER_POOL_STATS'
2023-01-27T13:26:02.372755Z 0 [Note] Shutting down plugin 'INNODB_BUFFER_PAGE_LRU'
2023-01-27T13:26:02.373833Z 0 [Note] Shutting down plugin 'INNODB_BUFFER_PAGE'
2023-01-27T13:26:02.375490Z 0 [Note] Shutting down plugin 'INNODB_CMP_PER_INDEX_RESET'
2023-01-27T13:26:02.376651Z 0 [Note] Shutting down plugin 'INNODB_CMP_PER_INDEX'
2023-01-27T13:26:02.377617Z 0 [Note] Shutting down plugin 'INNODB_CMPMEM_RESET'
2023-01-27T13:26:02.379169Z 0 [Note] Shutting down plugin 'INNODB_CMPMEM'
2023-01-27T13:26:02.380207Z 0 [Note] Shutting down plugin 'INNODB_CMP_RESET'
2023-01-27T13:26:02.381347Z 0 [Note] Shutting down plugin 'INNODB_CMP'
2023-01-27T13:26:02.383022Z 0 [Note] Shutting down plugin 'INNODB_LOCK_WAITS'
2023-01-27T13:26:02.383969Z 0 [Note] Shutting down plugin 'INNODB_LOCKS'
2023-01-27T13:26:02.384984Z 0 [Note] Shutting down plugin 'INNODB_TRX'
2023-01-27T13:26:02.385950Z 0 [Note] Shutting down plugin 'InnoDB'
2023-01-27T13:26:02.386810Z 0 [Note] InnoDB: FTS optimize thread exiting.
2023-01-27T13:26:02.387970Z 0 [Note] InnoDB: Starting shutdown...
2023-01-27T13:26:02.491094Z 0 [Note] InnoDB: Dumping buffer pool(s) to /var/lib/mysql/ib_buffer_pool
2023-01-27T13:26:02.497862Z 0 [Note] InnoDB: Buffer pool(s) dump completed at 230127 22:26:02
2023-01-27T13:26:03.839845Z 0 [Note] InnoDB: Shutdown completed; log sequence number 12140003
2023-01-27T13:26:03.842647Z 0 [Note] InnoDB: Removed temporary tablespace data file: "ibtmp1"
2023-01-27T13:26:03.843814Z 0 [Note] Shutting down plugin 'MEMORY'
2023-01-27T13:26:03.844547Z 0 [Note] Shutting down plugin 'CSV'
2023-01-27T13:26:03.845325Z 0 [Note] Shutting down plugin 'sha256_password'
2023-01-27T13:26:03.846080Z 0 [Note] Shutting down plugin 'mysql_native_password'
2023-01-27T13:26:03.847113Z 0 [Note] Shutting down plugin 'binlog'
2023-01-27T13:26:03.852398Z 0 [Note] mysqld: Shutdown complete

2023-01-27T13:26:04.547696Z 0 [Warning] TIMESTAMP with implicit DEFAULT value is deprecated. Please use --explicit_defaults_for_timestamp server option (see documentation for more details).
2023-01-27T13:26:04.556640Z 0 [Note] mysqld (mysqld 5.7.39) starting as process 1 ...
2023-01-27T13:26:04.566413Z 0 [Warning] Setting lower_case_table_names=2 because file system for /var/lib/mysql/ is case insensitive
2023-01-27T13:26:04.572614Z 0 [Note] InnoDB: PUNCH HOLE support available
2023-01-27T13:26:04.573260Z 0 [Note] InnoDB: Mutexes and rw_locks use GCC atomic builtins
2023-01-27T13:26:04.574226Z 0 [Note] InnoDB: Uses event mutexes
2023-01-27T13:26:04.574987Z 0 [Note] InnoDB: GCC builtin __atomic_thread_fence() is used for memory barrier
2023-01-27T13:26:04.575508Z 0 [Note] InnoDB: Compressed tables use zlib 1.2.12
2023-01-27T13:26:04.576274Z 0 [Note] InnoDB: Using Linux native AIO
2023-01-27T13:26:04.577919Z 0 [Note] InnoDB: Number of pools: 1
2023-01-27T13:26:04.579119Z 0 [Note] InnoDB: Using CPU crc32 instructions
2023-01-27T13:26:04.582129Z 0 [Note] InnoDB: Initializing buffer pool, total size = 128M, instances = 1, chunk size = 128M
2023-01-27T13:26:04.596201Z 0 [Note] InnoDB: Completed initialization of buffer pool
2023-01-27T13:26:04.599816Z 0 [Note] InnoDB: If the mysqld execution user is authorized, page cleaner thread priority can be changed. See the man page of setpriority().
2023-01-27T13:26:04.653161Z 0 [Note] InnoDB: Highest supported file format is Barracuda.
2023-01-27T13:26:04.745057Z 0 [Note] InnoDB: Creating shared tablespace for temporary tables
2023-01-27T13:26:04.748453Z 0 [Note] InnoDB: Setting file './ibtmp1' size to 12 MB. Physically writing the file full; Please wait ...
2023-01-27T13:26:05.035483Z 0 [Note] InnoDB: File './ibtmp1' size is now 12 MB.
2023-01-27T13:26:05.042952Z 0 [Note] InnoDB: 96 redo rollback segment(s) found. 96 redo rollback segment(s) are active.
2023-01-27T13:26:05.043678Z 0 [Note] InnoDB: 32 non-redo rollback segment(s) are active.
2023-01-27T13:26:05.044998Z 0 [Note] InnoDB: 5.7.39 started; log sequence number 12140003
2023-01-27T13:26:05.045849Z 0 [Note] InnoDB: Loading buffer pool(s) from /var/lib/mysql/ib_buffer_pool
2023-01-27T13:26:05.046029Z 0 [Note] Plugin 'FEDERATED' is disabled.
2023-01-27T13:26:05.070568Z 0 [Note] Found ca.pem, server-cert.pem and server-key.pem in data directory. Trying to enable SSL support using them.
2023-01-27T13:26:05.071460Z 0 [Note] Skipping generation of SSL certificates as certificate files are present in data directory.
2023-01-27T13:26:05.072365Z 0 [Warning] A deprecated TLS version TLSv1 is enabled. Please use TLSv1.2 or higher.
2023-01-27T13:26:05.073030Z 0 [Warning] A deprecated TLS version TLSv1.1 is enabled. Please use TLSv1.2 or higher.
2023-01-27T13:26:05.078402Z 0 [Warning] CA certificate ca.pem is self signed.
2023-01-27T13:26:05.079696Z 0 [Note] Skipping generation of RSA key pair as key files are present in data directory.
2023-01-27T13:26:05.083360Z 0 [Note] Server hostname (bind-address): '*'; port: 3306
2023-01-27T13:26:05.085873Z 0 [Note] IPv6 is available.
2023-01-27T13:26:05.087161Z 0 [Note]   - '::' resolves to '::';
2023-01-27T13:26:05.087978Z 0 [Note] Server socket created on IP: '::'.
2023-01-27T13:26:05.091064Z 0 [Warning] Insecure configuration for --pid-file: Location '/var/run/mysqld' in the path is accessible to all OS users. Consider choosing a different directory.
2023-01-27T13:26:05.129949Z 0 [Note] InnoDB: Buffer pool(s) load completed at 230127 22:26:05
2023-01-27T13:26:05.316799Z 0 [Note] Event Scheduler: Loaded 0 events
2023-01-27T13:26:05.317687Z 0 [Note] mysqld: ready for connections.
Version: '5.7.39'  socket: '/var/run/mysqld/mysqld.sock'  port: 3306  MySQL Community Server (GPL)
2023-01-27T14:33:13.530422Z 0 [Note] InnoDB: page_cleaner: 1000ms intended loop took 164389ms. The settings might not be optimal. (flushed=0 and evicted=0, during the time.)
2023-01-27T14:33:32.335359Z 0 [Note] InnoDB: page_cleaner: 1000ms intended loop took 4607ms. The settings might not be optimal. (flushed=0 and evicted=0, during the time.)
2023-01-27T14:35:53.660782Z 0 [Note] InnoDB: page_cleaner: 1000ms intended loop took 77477ms. The settings might not be optimal. (flushed=0 and evicted=0, during the time.)
2023-01-28T04:49:44.439452Z 0 [Note] InnoDB: page_cleaner: 1000ms intended loop took 1927326ms. The settings might not be optimal. (flushed=0 and evicted=0, during the time.)
2023-01-28T08:53:11.650399Z 0 [Note] InnoDB: page_cleaner: 1000ms intended loop took 1795963ms. The settings might not be optimal. (flushed=0 and evicted=0, during the time.)
2023-01-28T09:10:53.088819Z 0 [Note] InnoDB: page_cleaner: 1000ms intended loop took 1010473ms. The settings might not be optimal. (flushed=0 and evicted=0, during the time.)
2023-01-28T09:27:57.090204Z 0 [Note] InnoDB: page_cleaner: 1000ms intended loop took 975492ms. The settings might not be optimal. (flushed=0 and evicted=0, during the time.)
2023-01-28T09:45:13.067777Z 0 [Note] InnoDB: page_cleaner: 1000ms intended loop took 987430ms. The settings might not be optimal. (flushed=0 and evicted=0, during the time.)
2023-01-28T09:58:50.867710Z 0 [Note] InnoDB: page_cleaner: 1000ms intended loop took 769263ms. The settings might not be optimal. (flushed=0 and evicted=0, during the time.)
2023-01-28T10:02:28.248792Z 0 [Note] InnoDB: page_cleaner: 1000ms intended loop took 186816ms. The settings might not be optimal. (flushed=0 and evicted=0, during the time.)
2023-01-28T10:04:20.422533Z 0 [Note] InnoDB: page_cleaner: 1000ms intended loop took 93231ms. The settings might not be optimal. (flushed=0 and evicted=0, during the time.)
2023-01-28T10:05:58.479570Z 0 [Note] InnoDB: page_cleaner: 1000ms intended loop took 47863ms. The settings might not be optimal. (flushed=0 and evicted=0, during the time.)
2023-01-28T10:06:41.306250Z 0 [Note] InnoDB: page_cleaner: 1000ms intended loop took 7757ms. The settings might not be optimal. (flushed=0 and evicted=0, during the time.)
2023-01-28T12:25:32.522546Z 0 [Note] Giving 0 client threads a chance to die gracefully
2023-01-28T12:25:32.524100Z 0 [Note] Shutting down slave threads
2023-01-28T12:25:32.525004Z 0 [Note] Forcefully disconnecting 0 remaining clients
2023-01-28T12:25:32.525999Z 0 [Note] Event Scheduler: Purging the queue. 0 events
2023-01-28T12:25:32.528782Z 0 [Note] Binlog end
2023-01-28T12:25:32.551785Z 0 [Note] Shutting down plugin 'ngram'
2023-01-28T12:25:32.553180Z 0 [Note] Shutting down plugin 'partition'
2023-01-28T12:25:32.554528Z 0 [Note] Shutting down plugin 'BLACKHOLE'
2023-01-28T12:25:32.555835Z 0 [Note] Shutting down plugin 'ARCHIVE'
2023-01-28T12:25:32.557198Z 0 [Note] Shutting down plugin 'PERFORMANCE_SCHEMA'
2023-01-28T12:25:32.559088Z 0 [Note] Shutting down plugin 'MRG_MYISAM'
2023-01-28T12:25:32.560546Z 0 [Note] Shutting down plugin 'MyISAM'
2023-01-28T12:25:32.561853Z 0 [Note] Shutting down plugin 'INNODB_SYS_VIRTUAL'
2023-01-28T12:25:32.563319Z 0 [Note] Shutting down plugin 'INNODB_SYS_DATAFILES'
2023-01-28T12:25:32.564177Z 0 [Note] Shutting down plugin 'INNODB_SYS_TABLESPACES'
2023-01-28T12:25:32.565042Z 0 [Note] Shutting down plugin 'INNODB_SYS_FOREIGN_COLS'
2023-01-28T12:25:32.566255Z 0 [Note] Shutting down plugin 'INNODB_SYS_FOREIGN'
2023-01-28T12:25:32.567207Z 0 [Note] Shutting down plugin 'INNODB_SYS_FIELDS'
2023-01-28T12:25:32.569889Z 0 [Note] Shutting down plugin 'INNODB_SYS_COLUMNS'
2023-01-28T12:25:32.570922Z 0 [Note] Shutting down plugin 'INNODB_SYS_INDEXES'
2023-01-28T12:25:32.572115Z 0 [Note] Shutting down plugin 'INNODB_SYS_TABLESTATS'
2023-01-28T12:25:32.573040Z 0 [Note] Shutting down plugin 'INNODB_SYS_TABLES'
2023-01-28T12:25:32.573912Z 0 [Note] Shutting down plugin 'INNODB_FT_INDEX_TABLE'
2023-01-28T12:25:32.575274Z 0 [Note] Shutting down plugin 'INNODB_FT_INDEX_CACHE'
2023-01-28T12:25:32.576121Z 0 [Note] Shutting down plugin 'INNODB_FT_CONFIG'
2023-01-28T12:25:32.577123Z 0 [Note] Shutting down plugin 'INNODB_FT_BEING_DELETED'
2023-01-28T12:25:32.578023Z 0 [Note] Shutting down plugin 'INNODB_FT_DELETED'
2023-01-28T12:25:32.578748Z 0 [Note] Shutting down plugin 'INNODB_FT_DEFAULT_STOPWORD'
2023-01-28T12:25:32.579631Z 0 [Note] Shutting down plugin 'INNODB_METRICS'
2023-01-28T12:25:32.580462Z 0 [Note] Shutting down plugin 'INNODB_TEMP_TABLE_INFO'
2023-01-28T12:25:32.581215Z 0 [Note] Shutting down plugin 'INNODB_BUFFER_POOL_STATS'
2023-01-28T12:25:32.582141Z 0 [Note] Shutting down plugin 'INNODB_BUFFER_PAGE_LRU'
2023-01-28T12:25:32.582757Z 0 [Note] Shutting down plugin 'INNODB_BUFFER_PAGE'
2023-01-28T12:25:32.583430Z 0 [Note] Shutting down plugin 'INNODB_CMP_PER_INDEX_RESET'
2023-01-28T12:25:32.584182Z 0 [Note] Shutting down plugin 'INNODB_CMP_PER_INDEX'
2023-01-28T12:25:32.584817Z 0 [Note] Shutting down plugin 'INNODB_CMPMEM_RESET'
2023-01-28T12:25:32.585522Z 0 [Note] Shutting down plugin 'INNODB_CMPMEM'
2023-01-28T12:25:32.586595Z 0 [Note] Shutting down plugin 'INNODB_CMP_RESET'
2023-01-28T12:25:32.588370Z 0 [Note] Shutting down plugin 'INNODB_CMP'
2023-01-28T12:25:32.589011Z 0 [Note] Shutting down plugin 'INNODB_LOCK_WAITS'
2023-01-28T12:25:32.589713Z 0 [Note] Shutting down plugin 'INNODB_LOCKS'
2023-01-28T12:25:32.590233Z 0 [Note] Shutting down plugin 'INNODB_TRX'
2023-01-28T12:25:32.590714Z 0 [Note] Shutting down plugin 'InnoDB'
2023-01-28T12:25:32.592817Z 0 [Note] InnoDB: FTS optimize thread exiting.
2023-01-28T12:25:32.594155Z 0 [Note] InnoDB: Starting shutdown...
2023-01-28T12:25:32.699420Z 0 [Note] InnoDB: Dumping buffer pool(s) to /var/lib/mysql/ib_buffer_pool
2023-01-28T12:25:32.714001Z 0 [Note] InnoDB: Buffer pool(s) dump completed at 230128 21:25:32
2023-01-28T12:25:34.433385Z 0 [Note] InnoDB: Shutdown completed; log sequence number 12140056
2023-01-28T12:25:34.440635Z 0 [Note] InnoDB: Removed temporary tablespace data file: "ibtmp1"
2023-01-28T12:25:34.441322Z 0 [Note] Shutting down plugin 'MEMORY'
2023-01-28T12:25:34.442444Z 0 [Note] Shutting down plugin 'CSV'
2023-01-28T12:25:34.443049Z 0 [Note] Shutting down plugin 'sha256_password'
2023-01-28T12:25:34.443913Z 0 [Note] Shutting down plugin 'mysql_native_password'
2023-01-28T12:25:34.446854Z 0 [Note] Shutting down plugin 'binlog'
2023-01-28T12:25:34.510963Z 0 [Note] mysqld: Shutdown complete

2023-01-28T12:30:41.498692Z 0 [Warning] TIMESTAMP with implicit DEFAULT value is deprecated. Please use --explicit_defaults_for_timestamp server option (see documentation for more details).
2023-01-28T12:30:42.094472Z 0 [Note] mysqld (mysqld 5.7.39) starting as process 1 ...
2023-01-28T12:30:42.105880Z 0 [Warning] Setting lower_case_table_names=2 because file system for /var/lib/mysql/ is case insensitive
2023-01-28T12:30:42.113061Z 0 [Note] InnoDB: PUNCH HOLE support available
2023-01-28T12:30:42.113951Z 0 [Note] InnoDB: Mutexes and rw_locks use GCC atomic builtins
2023-01-28T12:30:42.115088Z 0 [Note] InnoDB: Uses event mutexes
2023-01-28T12:30:42.115894Z 0 [Note] InnoDB: GCC builtin __atomic_thread_fence() is used for memory barrier
2023-01-28T12:30:42.116592Z 0 [Note] InnoDB: Compressed tables use zlib 1.2.12
2023-01-28T12:30:42.117453Z 0 [Note] InnoDB: Using Linux native AIO
2023-01-28T12:30:42.118679Z 0 [Note] InnoDB: Number of pools: 1
2023-01-28T12:30:42.119465Z 0 [Note] InnoDB: Using CPU crc32 instructions
2023-01-28T12:30:42.122856Z 0 [Note] InnoDB: Initializing buffer pool, total size = 128M, instances = 1, chunk size = 128M
2023-01-28T12:30:42.138975Z 0 [Note] InnoDB: Completed initialization of buffer pool
2023-01-28T12:30:42.143253Z 0 [Note] InnoDB: If the mysqld execution user is authorized, page cleaner thread priority can be changed. See the man page of setpriority().
2023-01-28T12:30:42.200377Z 0 [Note] InnoDB: Highest supported file format is Barracuda.
2023-01-28T12:30:42.310565Z 0 [Note] InnoDB: Creating shared tablespace for temporary tables
2023-01-28T12:30:42.315102Z 0 [Note] InnoDB: Setting file './ibtmp1' size to 12 MB. Physically writing the file full; Please wait ...
2023-01-28T12:30:42.453884Z 0 [Note] InnoDB: File './ibtmp1' size is now 12 MB.
2023-01-28T12:30:42.461285Z 0 [Note] InnoDB: 96 redo rollback segment(s) found. 96 redo rollback segment(s) are active.
2023-01-28T12:30:42.461932Z 0 [Note] InnoDB: 32 non-redo rollback segment(s) are active.
2023-01-28T12:30:42.463152Z 0 [Note] InnoDB: 5.7.39 started; log sequence number 12140056
2023-01-28T12:30:42.464124Z 0 [Note] InnoDB: Loading buffer pool(s) from /var/lib/mysql/ib_buffer_pool
2023-01-28T12:30:42.464429Z 0 [Note] Plugin 'FEDERATED' is disabled.
2023-01-28T12:30:42.519610Z 0 [Note] Found ca.pem, server-cert.pem and server-key.pem in data directory. Trying to enable SSL support using them.
2023-01-28T12:30:42.520903Z 0 [Note] Skipping generation of SSL certificates as certificate files are present in data directory.
2023-01-28T12:30:42.521486Z 0 [Warning] A deprecated TLS version TLSv1 is enabled. Please use TLSv1.2 or higher.
2023-01-28T12:30:42.522936Z 0 [Warning] A deprecated TLS version TLSv1.1 is enabled. Please use TLSv1.2 or higher.
2023-01-28T12:30:42.550856Z 0 [Warning] CA certificate ca.pem is self signed.
2023-01-28T12:30:42.552089Z 0 [Note] Skipping generation of RSA key pair as key files are present in data directory.
2023-01-28T12:30:42.560326Z 0 [Note] Server hostname (bind-address): '*'; port: 3306
2023-01-28T12:30:42.561843Z 0 [Note] IPv6 is available.
2023-01-28T12:30:42.563159Z 0 [Note]   - '::' resolves to '::';
2023-01-28T12:30:42.564303Z 0 [Note] Server socket created on IP: '::'.
2023-01-28T12:30:42.567960Z 0 [Note] InnoDB: Buffer pool(s) load completed at 230128 21:30:42
2023-01-28T12:30:42.568938Z 0 [Warning] Insecure configuration for --pid-file: Location '/var/run/mysqld' in the path is accessible to all OS users. Consider choosing a different directory.
2023-01-28T12:30:42.990771Z 0 [Note] Event Scheduler: Loaded 0 events
2023-01-28T12:30:42.991782Z 0 [Note] mysqld: ready for connections.
Version: '5.7.39'  socket: '/var/run/mysqld/mysqld.sock'  port: 3306  MySQL Community Server (GPL)
2023-01-28T13:03:07.517264Z 0 [Note] InnoDB: page_cleaner: 1000ms intended loop took 10001ms. The settings might not be optimal. (flushed=0 and evicted=0, during the time.)
2023-01-28T13:03:56.979674Z 0 [Note] InnoDB: page_cleaner: 1000ms intended loop took 8290ms. The settings might not be optimal. (flushed=0 and evicted=0, during the time.)
2023-01-28T13:05:52.014882Z 0 [Note] InnoDB: page_cleaner: 1000ms intended loop took 103057ms. The settings might not be optimal. (flushed=0 and evicted=0, during the time.)
2023-01-28T13:06:19.035587Z 0 [Note] InnoDB: page_cleaner: 1000ms intended loop took 8033ms. The settings might not be optimal. (flushed=0 and evicted=0, during the time.)
2023-01-28T13:06:57.917010Z 0 [Note] InnoDB: page_cleaner: 1000ms intended loop took 26866ms. The settings might not be optimal. (flushed=0 and evicted=0, during the time.)
2023-01-28T13:07:29.853075Z 0 [Note] InnoDB: page_cleaner: 1000ms intended loop took 5881ms. The settings might not be optimal. (flushed=0 and evicted=0, during the time.)
2023-01-28T13:08:36.099534Z 0 [Note] InnoDB: page_cleaner: 1000ms intended loop took 40182ms. The settings might not be optimal. (flushed=0 and evicted=0, during the time.)
2023-01-28T17:17:45.202344Z 0 [Note] InnoDB: page_cleaner: 1000ms intended loop took 1794218ms. The settings might not be optimal. (flushed=0 and evicted=0, during the time.)
2023-01-28T17:34:48.537722Z 0 [Note] InnoDB: page_cleaner: 1000ms intended loop took 972456ms. The settings might not be optimal. (flushed=0 and evicted=0, during the time.)
2023-01-28T18:09:12.265474Z 0 [Note] InnoDB: page_cleaner: 1000ms intended loop took 2015211ms. The settings might not be optimal. (flushed=0 and evicted=0, during the time.)
2023-01-28T18:27:17.572065Z 0 [Note] InnoDB: page_cleaner: 1000ms intended loop took 1037507ms. The settings might not be optimal. (flushed=0 and evicted=0, during the time.)
2023-01-28T19:19:40.918964Z 0 [Note] InnoDB: page_cleaner: 1000ms intended loop took 3091920ms. The settings might not be optimal. (flushed=0 and evicted=0, during the time.)
2023-01-28T19:35:53.404911Z 0 [Note] InnoDB: page_cleaner: 1000ms intended loop took 925455ms. The settings might not be optimal. (flushed=0 and evicted=0, during the time.)
2023-01-28T19:53:55.453553Z 0 [Note] InnoDB: page_cleaner: 1000ms intended loop took 1030471ms. The settings might not be optimal. (flushed=0 and evicted=0, during the time.)
2023-01-28T20:10:54.333728Z 0 [Note] InnoDB: page_cleaner: 1000ms intended loop took 970413ms. The settings might not be optimal. (flushed=0 and evicted=0, during the time.)
2023-01-28T20:27:50.298147Z 0 [Note] InnoDB: page_cleaner: 1000ms intended loop took 967496ms. The settings might not be optimal. (flushed=0 and evicted=0, during the time.)
2023-01-28T20:49:44.488791Z 0 [Note] InnoDB: page_cleaner: 1000ms intended loop took 1265710ms. The settings might not be optimal. (flushed=0 and evicted=0, during the time.)
2023-01-28T21:06:26.299651Z 0 [Note] InnoDB: page_cleaner: 1000ms intended loop took 950517ms. The settings might not be optimal. (flushed=0 and evicted=0, during the time.)
2023-01-28T21:37:20.872202Z 0 [Note] InnoDB: page_cleaner: 1000ms intended loop took 1806021ms. The settings might not be optimal. (flushed=0 and evicted=0, during the time.)
2023-01-28T21:59:05.451105Z 0 [Note] InnoDB: page_cleaner: 1000ms intended loop took 1256648ms. The settings might not be optimal. (flushed=0 and evicted=0, during the time.)
2023-01-28T22:05:50.259091Z 0 [Note] InnoDB: page_cleaner: 1000ms intended loop took 353454ms. The settings might not be optimal. (flushed=0 and evicted=0, during the time.)
2023-01-29T04:36:53.414700Z 0 [Note] InnoDB: page_cleaner: 1000ms intended loop took 13753ms. The settings might not be optimal. (flushed=0 and evicted=0, during the time.)
2023-01-29T10:20:29.186710Z 0 [Note] InnoDB: page_cleaner: 1000ms intended loop took 214749ms. The settings might not be optimal. (flushed=0 and evicted=0, during the time.)
2023-01-29T10:23:08.385373Z 0 [Note] InnoDB: page_cleaner: 1000ms intended loop took 137935ms. The settings might not be optimal. (flushed=0 and evicted=0, during the time.)
2023-01-29T10:24:08.685358Z 0 [Note] InnoDB: page_cleaner: 1000ms intended loop took 28974ms. The settings might not be optimal. (flushed=0 and evicted=0, during the time.)
2023-01-29T13:59:51.300012Z 0 [Note] InnoDB: page_cleaner: 1000ms intended loop took 12005ms. The settings might not be optimal. (flushed=0 and evicted=0, during the time.)
2023-01-29T14:02:10.439845Z 0 [Note] InnoDB: page_cleaner: 1000ms intended loop took 126862ms. The settings might not be optimal. (flushed=0 and evicted=0, during the time.)
2023-01-29T14:03:42.720174Z 0 [Note] InnoDB: page_cleaner: 1000ms intended loop took 36219ms. The settings might not be optimal. (flushed=0 and evicted=0, during the time.)
2023-01-30T00:36:02.512584Z 0 [Note] InnoDB: page_cleaner: 1000ms intended loop took 14672ms. The settings might not be optimal. (flushed=0 and evicted=0, during the time.)
2023-01-30T09:34:05.991142Z 0 [Note] InnoDB: page_cleaner: 1000ms intended loop took 215730ms. The settings might not be optimal. (flushed=0 and evicted=0, during the time.)
2023-01-30T10:03:43.663467Z 0 [Note] InnoDB: page_cleaner: 1000ms intended loop took 1758979ms. The settings might not be optimal. (flushed=0 and evicted=0, during the time.)
2023-01-30T10:07:51.920567Z 0 [Note] InnoDB: page_cleaner: 1000ms intended loop took 213253ms. The settings might not be optimal. (flushed=0 and evicted=0, during the time.)
2023-01-30T10:10:43.606932Z 0 [Note] InnoDB: page_cleaner: 1000ms intended loop took 159773ms. The settings might not be optimal. (flushed=0 and evicted=0, during the time.)
2023-01-30T10:41:08.739293Z 0 [Note] InnoDB: page_cleaner: 1000ms intended loop took 62801ms. The settings might not be optimal. (flushed=0 and evicted=0, during the time.)
2023-01-30T10:41:48.576716Z 0 [Note] InnoDB: page_cleaner: 1000ms intended loop took 27233ms. The settings might not be optimal. (flushed=0 and evicted=0, during the time.)
2023-01-30T10:43:34.255312Z 0 [Note] InnoDB: page_cleaner: 1000ms intended loop took 93163ms. The settings might not be optimal. (flushed=0 and evicted=0, during the time.)
2023-01-30T10:54:16.954111Z 0 [Note] InnoDB: page_cleaner: 1000ms intended loop took 614019ms. The settings might not be optimal. (flushed=0 and evicted=0, during the time.)
